\BOOKMARK [1][-]{section.1}{\376\377\000I\000n\000t\000r\000o\000d\000u\000c\000c\000i\000\363\000n}{}% 1
\BOOKMARK [2][-]{subsection.1.1}{\376\377\000S\000o\000b\000r\000e\000\040\000e\000s\000t\000e\000\040\000d\000o\000c\000u\000m\000e\000n\000t\000o}{section.1}% 2
\BOOKMARK [2][-]{subsection.1.2}{\376\377\000E\000j\000e\000c\000u\000t\000a\000r\000\040\000e\000l\000\040\000c\000\363\000d\000i\000g\000o}{section.1}% 3
\BOOKMARK [2][-]{subsection.1.3}{\376\377\000I\000n\000f\000o\000r\000m\000a\000c\000i\000\363\000n\000\040\000d\000e\000\040\000c\000o\000n\000t\000a\000c\000t\000o}{section.1}% 4
\BOOKMARK [2][-]{subsection.1.4}{\376\377\000A\000f\000i\000r\000m\000a\000c\000i\000\363\000n\000\040\000d\000e\000\040\000a\000u\000t\000o\000r\000\355\000a\000\040\000d\000e\000l\000\040\000t\000r\000a\000b\000a\000j\000o}{section.1}% 5
\BOOKMARK [1][-]{section.2}{\376\377\000E\000j\000e\000r\000c\000i\000c\000i\000o\000\040\000A\000\040\000-\000\040\000L\000a\000\040\000s\000e\000g\000u\000n\000d\000a\000\040\000l\000e\000y\000\040\000d\000e\000\040\000N\000e\000w\000t\000o\000n}{}% 6
\BOOKMARK [2][-]{subsection.2.1}{\376\377\000P\000r\000o\000b\000l\000e\000m\000a}{section.2}% 7
\BOOKMARK [2][-]{subsection.2.2}{\376\377\000A\000n\000\341\000l\000i\000s\000i\000s}{section.2}% 8
\BOOKMARK [2][-]{subsection.2.3}{\376\377\000R\000e\000s\000o\000l\000u\000c\000i\000\363\000n}{section.2}% 9
\BOOKMARK [1][-]{section.3}{\376\377\000E\000j\000e\000r\000c\000i\000c\000i\000o\000\040\000B\000\040\000-\000\040\000S\000i\000s\000t\000e\000m\000a\000\040\000d\000e\000\040\000E\000D\000O}{}% 10
\BOOKMARK [2][-]{subsection.3.1}{\376\377\000P\000r\000o\000b\000l\000e\000m\000a}{section.3}% 11
\BOOKMARK [2][-]{subsection.3.2}{\376\377\000A\000n\000\341\000l\000i\000s\000i\000s}{section.3}% 12
\BOOKMARK [2][-]{subsection.3.3}{\376\377\000R\000e\000s\000o\000l\000u\000c\000i\000\363\000n}{section.3}% 13
\BOOKMARK [1][-]{section.4}{\376\377\000E\000j\000e\000r\000c\000i\000c\000i\000o\000\040\000C\000\040\000-\000\040\000C\000o\000m\000o\000\040\000a\000p\000l\000i\000c\000a\000r\000\040\000e\000l\000\040\000m\000\351\000t\000o\000d\000o\000\040\000R\000K\0004}{}% 14
\BOOKMARK [2][-]{subsection.4.1}{\376\377\000P\000r\000o\000b\000l\000e\000m\000a}{section.4}% 15
\BOOKMARK [2][-]{subsection.4.2}{\376\377\000A\000n\000\341\000l\000i\000s\000i\000s}{section.4}% 16
\BOOKMARK [2][-]{subsection.4.3}{\376\377\000R\000e\000s\000o\000l\000u\000c\000i\000\363\000n}{section.4}% 17
\BOOKMARK [1][-]{section.5}{\376\377\000D\000\040\000-\000\040\000R\000K\0004\000\040\000p\000a\000r\000a\000\040\000u\000n\000\040\000e\000l\000e\000c\000t\000r\000\363\000n}{}% 18
\BOOKMARK [2][-]{subsection.5.1}{\376\377\000P\000r\000o\000b\000l\000e\000m\000a}{section.5}% 19
\BOOKMARK [2][-]{subsection.5.2}{\376\377\000R\000e\000s\000o\000l\000u\000c\000i\000\363\000n}{section.5}% 20
\BOOKMARK [1][-]{section.6}{\376\377\000E\000j\000e\000r\000c\000i\000c\000i\000o\000\040\000E\000\040\000-\000\040\000G\000r\000\341\000f\000i\000c\000a\000s}{}% 21
\BOOKMARK [2][-]{subsection.6.1}{\376\377\000P\000r\000o\000b\000l\000e\000m\000a}{section.6}% 22
\BOOKMARK [2][-]{subsection.6.2}{\376\377\000R\000e\000s\000o\000l\000u\000c\000i\000\363\000n}{section.6}% 23
\BOOKMARK [2][-]{subsection.6.3}{\376\377\000D\000i\000s\000c\000u\000s\000i\000\363\000n}{section.6}% 24
\BOOKMARK [1][-]{section.7}{\376\377\000E\000j\000e\000r\000c\000i\000c\000i\000o\000\040\000A\000R\000\040\000-\000\040\000S\000i\000s\000t\000e\000m\000a\000\040\000d\000e\000\040\000E\000D}{}% 25
\BOOKMARK [2][-]{subsection.7.1}{\376\377\000P\000r\000o\000b\000l\000e\000m\000a}{section.7}% 26
\BOOKMARK [2][-]{subsection.7.2}{\376\377\000R\000e\000s\000o\000l\000u\000c\000i\000\363\000n}{section.7}% 27
\BOOKMARK [1][-]{section.8}{\376\377\000E\000j\000e\000r\000c\000i\000c\000i\000o\000\040\000B\000R\000\040\000-\000\040\000F\000a\000c\000t\000o\000r\000\040\000L\000o\000r\000e\000n\000t\000z}{}% 28
\BOOKMARK [2][-]{subsection.8.1}{\376\377\000P\000r\000o\000b\000l\000e\000m\000a}{section.8}% 29
\BOOKMARK [2][-]{subsection.8.2}{\376\377\000R\000e\000s\000o\000l\000u\000c\000i\000\363\000n}{section.8}% 30
\BOOKMARK [1][-]{section.9}{\376\377\000E\000j\000e\000r\000c\000i\000c\000i\000o\000\040\000C\000R\000\040\000-\000\040\000M\000o\000m\000e\000n\000t\000o\000\040\000L\000i\000n\000e\000a\000l}{}% 31
\BOOKMARK [2][-]{subsection.9.1}{\376\377\000P\000r\000o\000b\000l\000e\000m\000a}{section.9}% 32
\BOOKMARK [2][-]{subsection.9.2}{\376\377\000R\000e\000s\000o\000l\000u\000c\000i\000\363\000n}{section.9}% 33
\BOOKMARK [1][-]{section.10}{\376\377\000E\000j\000e\000r\000c\000i\000c\000i\000o\000\040\000D\000R\000\040\000-\000\040\000S\000i\000s\000t\000e\000m\000a\000\040\000d\000e\000\040\000E\000D\000\040\000C\000o\000m\000p\000l\000e\000t\000o}{}% 34
\BOOKMARK [2][-]{subsection.10.1}{\376\377\000P\000r\000o\000b\000l\000e\000m\000a}{section.10}% 35
\BOOKMARK [2][-]{subsection.10.2}{\376\377\000R\000e\000s\000o\000l\000u\000c\000i\000\363\000n}{section.10}% 36
\BOOKMARK [1][-]{section.11}{\376\377\000E\000j\000e\000r\000c\000i\000c\000i\000o\000\040\000E\000R\000\040\000-\000\040\000S\000i\000s\000t\000e\000m\000a\000\040\000d\000e\000\040\000E\000D\000\040\000C\000o\000m\000p\000l\000e\000t\000o}{}% 37
\BOOKMARK [2][-]{subsection.11.1}{\376\377\000P\000r\000o\000b\000l\000e\000m\000a}{section.11}% 38
\BOOKMARK [2][-]{subsection.11.2}{\376\377\000R\000e\000s\000o\000l\000u\000c\000i\000\363\000n}{section.11}% 39
\BOOKMARK [1][-]{section.12}{\376\377\000E\000j\000e\000r\000c\000i\000c\000i\000o\000\040\000F\000R\000\040\000-\000\040\000G\000r\000\341\000f\000i\000c\000a\000s}{}% 40
\BOOKMARK [2][-]{subsection.12.1}{\376\377\000P\000r\000o\000b\000l\000e\000m\000a}{section.12}% 41
\BOOKMARK [2][-]{subsection.12.2}{\376\377\000R\000e\000s\000o\000l\000u\000c\000i\000\363\000n}{section.12}% 42
\BOOKMARK [1][-]{section.13}{\376\377\000E\000j\000e\000r\000c\000i\000c\000i\000o\000\040\000G\000R\000\040\000-\000\040\000C\000o\000n\000c\000l\000u\000s\000i\000o\000n\000e\000s}{}% 43
\BOOKMARK [2][-]{subsection.13.1}{\376\377\000P\000r\000o\000b\000l\000e\000m\000a}{section.13}% 44
\BOOKMARK [2][-]{subsection.13.2}{\376\377\000D\000i\000s\000c\000u\000s\000i\000\363\000n\000\040\000s\000o\000b\000r\000e\000\040\000l\000a\000\040\000r\000e\000a\000l\000i\000z\000a\000c\000i\000\363\000n\000\040\000d\000e\000l\000\040\000t\000r\000a\000b\000a\000j\000o}{section.13}% 45
\BOOKMARK [2][-]{subsection.13.3}{\376\377\000D\000i\000s\000c\000u\000s\000i\000\363\000n\000\040\000s\000o\000b\000r\000e\000\040\000l\000o\000s\000\040\000r\000e\000s\000u\000l\000t\000a\000d\000o\000s}{section.13}% 46
\BOOKMARK [3][-]{subsubsection.13.3.1}{\376\377\000P\000a\000r\000t\000e\000\040\000n\000o\000\040\000r\000e\000l\000a\000t\000i\000v\000i\000s\000t\000a}{subsection.13.3}% 47
\BOOKMARK [3][-]{subsubsection.13.3.2}{\376\377\000P\000a\000r\000t\000e\000\040\000r\000e\000l\000a\000t\000i\000v\000i\000s\000t\000a}{subsection.13.3}% 48
\BOOKMARK [1][-]{section.14}{\376\377\000A\000p\000\351\000n\000d\000i\000c\000e}{}% 49
\BOOKMARK [2][-]{subsection.14.1}{\376\377\000T\000i\000p\000o\000s}{section.14}% 50
\BOOKMARK [2][-]{subsection.14.2}{\376\377\000U\000t\000i\000l}{section.14}% 51
\BOOKMARK [2][-]{subsection.14.3}{\376\377\000D\000a\000t\000o\000s}{section.14}% 52
\BOOKMARK [2][-]{subsection.14.4}{\376\377\000C\000\363\000d\000i\000g\000o\000\040\000l\000i\000n\000a\000l\000g}{section.14}% 53
\BOOKMARK [2][-]{subsection.14.5}{\376\377\000C\000\363\000d\000i\000g\000o\000\040\000R\000K\0004}{section.14}% 54
\BOOKMARK [2][-]{subsection.14.6}{\376\377\000C\000\363\000d\000i\000g\000o\000\040\000E\000j\000e\000r\000c\000i\000c\000i\000o\000\040\000D}{section.14}% 55
\BOOKMARK [2][-]{subsection.14.7}{\376\377\000D\000a\000t\000o\000s\000\040\000R\000K\0004\000\040\000-\000\040\000\050\000t\000\051\000\040\000y\000\040\000\050\000t\000\051\000\040\000n\000o\000\040\000r\000e\000l\000a\000t\000i\000v\000i\000s\000t\000a\000\040\000\050\000p\000r\000i\000m\000e\000r\000o\000s\000\040\0005\0000\000\040\000p\000u\000n\000t\000o\000s\000\051}{section.14}% 56
\BOOKMARK [2][-]{subsection.14.8}{\376\377\000C\000\363\000d\000i\000g\000o\000\040\000E\000j\000e\000r\000c\000i\000c\000i\000o\000\040\000E}{section.14}% 57
\BOOKMARK [2][-]{subsection.14.9}{\376\377\000C\000\363\000d\000i\000g\000o\000\040\000E\000j\000e\000r\000c\000i\000c\000i\000o\000\040\000E\000R}{section.14}% 58
\BOOKMARK [2][-]{subsection.14.10}{\376\377\000D\000a\000t\000o\000s\000\040\000R\000K\0004\000\040\000-\000\040\000\050\000t\000\051\000\040\000y\000\040\000\050\000t\000\051\000\040\000r\000e\000l\000a\000t\000i\000v\000i\000s\000t\000a\000\040\000\050\000p\000r\000i\000m\000e\000r\000o\000s\000\040\0005\0000\000\040\000p\000u\000n\000t\000o\000s\000\051}{section.14}% 59
